<?xml version="1.0" encoding="UTF-8"?>
<testng-results total="1" passed="1" failed="0" skipped="0">
  <reporter-output>
  </reporter-output>
  <suite started-at="2023-12-05T11:58:16Z" name="Default suite" finished-at="2023-12-05T11:58:16Z" duration-ms="45">
    <groups>
    </groups>
    <test started-at="2023-12-05T11:58:16Z" name="Default test" finished-at="2023-12-05T11:58:16Z" duration-ms="45">
      <class name="first_git.git_class">
        <test-method signature="bb()[pri:0, instance:first_git.git_class@6e0f5f7f]" started-at="2023-12-05T17:28:16Z" name="bb" finished-at="2023-12-05T17:28:16Z" duration-ms="18" status="PASS">
          <reporter-output>
          </reporter-output>
        </test-method> <!-- bb -->
      </class> <!-- first_git.git_class -->
    </test> <!-- Default test -->
  </suite> <!-- Default suite -->
</testng-results>
